<?xml version="1.0" encoding="UTF-8"?>
<testsuite name="com.stepdefinitions.RunCakeTest" time="21.335" tests="38" errors="0" skipped="0" failures="0">
  <properties>
    <property name="java.runtime.name" value="Java(TM) SE Runtime Environment"/>
    <property name="sun.boot.library.path" value="/Library/Java/JavaVirtualMachines/jdk1.8.0_261.jdk/Contents/Home/jre/lib"/>
    <property name="java.vm.version" value="25.261-b12"/>
    <property name="gopherProxySet" value="false"/>
    <property name="java.vm.vendor" value="Oracle Corporation"/>
    <property name="maven.multiModuleProjectDirectory" value="/Users/juanjosemendezrojas/Downloads/at-university-api-qe"/>
    <property name="java.vendor.url" value="http://java.oracle.com/"/>
    <property name="path.separator" value=":"/>
    <property name="guice.disable.misplaced.annotation.check" value="true"/>
    <property name="java.vm.name" value="Java HotSpot(TM) 64-Bit Server VM"/>
    <property name="file.encoding.pkg" value="sun.io"/>
    <property name="user.country" value="MX"/>
    <property name="sun.java.launcher" value="SUN_STANDARD"/>
    <property name="sun.os.patch.level" value="unknown"/>
    <property name="java.vm.specification.name" value="Java Virtual Machine Specification"/>
    <property name="user.dir" value="/Users/juanjosemendezrojas/Downloads/at-university-api-qe"/>
    <property name="java.runtime.version" value="1.8.0_261-b12"/>
    <property name="java.awt.graphicsenv" value="sun.awt.CGraphicsEnvironment"/>
    <property name="java.endorsed.dirs" value="/Library/Java/JavaVirtualMachines/jdk1.8.0_261.jdk/Contents/Home/jre/lib/endorsed"/>
    <property name="os.arch" value="x86_64"/>
    <property name="java.io.tmpdir" value="/var/folders/vd/q2k3g3vn7rz6ysw61_d384yr0000gn/T/"/>
    <property name="line.separator" value="&#10;"/>
    <property name="java.vm.specification.vendor" value="Oracle Corporation"/>
    <property name="os.name" value="Mac OS X"/>
    <property name="classworlds.conf" value="/Users/juanjosemendezrojas/Desktop/Eclipse/.metadata/.plugins/org.eclipse.m2e.launching/launches/m2conf1257178984674984472.tmp"/>
    <property name="sun.jnu.encoding" value="UTF-8"/>
    <property name="java.library.path" value="/Users/juanjosemendezrojas/Library/Java/Extensions:/Library/Java/Extensions:/Network/Library/Java/Extensions:/System/Library/Java/Extensions:/usr/lib/java:."/>
    <property name="java.specification.name" value="Java Platform API Specification"/>
    <property name="java.class.version" value="52.0"/>
    <property name="sun.management.compiler" value="HotSpot 64-Bit Tiered Compilers"/>
    <property name="os.version" value="10.16"/>
    <property name="http.nonProxyHosts" value="local|*.local|169.254/16|*.169.254/16"/>
    <property name="user.home" value="/Users/juanjosemendezrojas"/>
    <property name="user.timezone" value="America/Mexico_City"/>
    <property name="java.awt.printerjob" value="sun.lwawt.macosx.CPrinterJob"/>
    <property name="java.specification.version" value="1.8"/>
    <property name="file.encoding" value="UTF-8"/>
    <property name="user.name" value="juanjosemendezrojas"/>
    <property name="java.class.path" value="/Users/juanjosemendezrojas/.p2/pool/plugins/org.eclipse.m2e.maven.runtime_1.16.0.20200610-1735/jars/plexus-classworlds-2.6.0.jar"/>
    <property name="java.vm.specification.version" value="1.8"/>
    <property name="sun.arch.data.model" value="64"/>
    <property name="java.home" value="/Library/Java/JavaVirtualMachines/jdk1.8.0_261.jdk/Contents/Home/jre"/>
    <property name="sun.java.command" value="org.codehaus.plexus.classworlds.launcher.Launcher -B test"/>
    <property name="java.specification.vendor" value="Oracle Corporation"/>
    <property name="user.language" value="es"/>
    <property name="awt.toolkit" value="sun.lwawt.macosx.LWCToolkit"/>
    <property name="java.vm.info" value="mixed mode"/>
    <property name="java.version" value="1.8.0_261"/>
    <property name="java.ext.dirs" value="/Users/juanjosemendezrojas/Library/Java/Extensions:/Library/Java/JavaVirtualMachines/jdk1.8.0_261.jdk/Contents/Home/jre/lib/ext:/Library/Java/Extensions:/Network/Library/Java/Extensions:/System/Library/Java/Extensions:/usr/lib/java"/>
    <property name="sun.boot.class.path" value="/Library/Java/JavaVirtualMachines/jdk1.8.0_261.jdk/Contents/Home/jre/lib/resources.jar:/Library/Java/JavaVirtualMachines/jdk1.8.0_261.jdk/Contents/Home/jre/lib/rt.jar:/Library/Java/JavaVirtualMachines/jdk1.8.0_261.jdk/Contents/Home/jre/lib/sunrsasign.jar:/Library/Java/JavaVirtualMachines/jdk1.8.0_261.jdk/Contents/Home/jre/lib/jsse.jar:/Library/Java/JavaVirtualMachines/jdk1.8.0_261.jdk/Contents/Home/jre/lib/jce.jar:/Library/Java/JavaVirtualMachines/jdk1.8.0_261.jdk/Contents/Home/jre/lib/charsets.jar:/Library/Java/JavaVirtualMachines/jdk1.8.0_261.jdk/Contents/Home/jre/lib/jfr.jar:/Library/Java/JavaVirtualMachines/jdk1.8.0_261.jdk/Contents/Home/jre/classes"/>
    <property name="java.vendor" value="Oracle Corporation"/>
    <property name="maven.home" value="/Users/juanjosemendezrojas/Downloads/at-university-api-qe/EMBEDDED"/>
    <property name="file.separator" value="/"/>
    <property name="java.vendor.url.bug" value="http://bugreport.sun.com/bugreport/"/>
    <property name="sun.cpu.endian" value="little"/>
    <property name="sun.io.unicode.encoding" value="UnicodeBig"/>
    <property name="socksNonProxyHosts" value="local|*.local|169.254/16|*.169.254/16"/>
    <property name="ftp.nonProxyHosts" value="local|*.local|169.254/16|*.169.254/16"/>
    <property name="sun.cpu.isalist" value=""/>
  </properties>
  <testcase name="Obtain all courses for to see" classname="I need see my courses with the GET method" time="1.998"/>
  <testcase name="Update all courses from endpoint" classname="at-university-api-qe update operation" time="0.295"/>
  <testcase name="Update courses usign an id as capital letters" classname="at-university-api-qe update operation" time="0.196"/>
  <testcase name="Update courses usign an id as numeric" classname="at-university-api-qe update operation" time="0.173"/>
  <testcase name="Update courses usign an id as boolean" classname="at-university-api-qe update operation" time="0.164"/>
  <testcase name="Update courses usign an id as null" classname="at-university-api-qe update operation" time="0.251"/>
  <testcase name="Update cousers usign an category as capital letters" classname="at-university-api-qe update operation" time="0.151"/>
  <testcase name="Update cousers usign an category as numeric" classname="at-university-api-qe update operation" time="0.178"/>
  <testcase name="Update cousers usign an category as boolean" classname="at-university-api-qe update operation" time="0.233"/>
  <testcase name="Update cousers usign an category as null" classname="at-university-api-qe update operation" time="0.147"/>
  <testcase name="Update courses usign an title as capital letters" classname="at-university-api-qe update operation" time="0.188"/>
  <testcase name="Update courses usign an title as numeric" classname="at-university-api-qe update operation" time="0.165"/>
  <testcase name="Update courses usign an title as boolean" classname="at-university-api-qe update operation" time="0.214"/>
  <testcase name="Update courses usign an title as null" classname="at-university-api-qe update operation" time="0.168"/>
  <testcase name="Update courses usign an description as capital letters" classname="at-university-api-qe update operation" time="0.206"/>
  <testcase name="Update courses usign an description as numeric" classname="at-university-api-qe update operation" time="0.199"/>
  <testcase name="Update courses usign an description as boolean" classname="at-university-api-qe update operation" time="0.198"/>
  <testcase name="Update courses usign an description as null" classname="at-university-api-qe update operation" time="0.199"/>
  <testcase name="Update courses usign an img as capital letters" classname="at-university-api-qe update operation" time="0.59"/>
  <testcase name="Update courses usign an img as numeric" classname="at-university-api-qe update operation" time="0.181"/>
  <testcase name="Update courses usign an img as boolean" classname="at-university-api-qe update operation" time="0.163"/>
  <testcase name="Update courses usign an img as null" classname="at-university-api-qe update operation" time="0.217"/>
  <testcase name="Update courses usign an status as capital letters" classname="at-university-api-qe update operation" time="0.169"/>
  <testcase name="Update courses usign an status as numeric" classname="at-university-api-qe update operation" time="0.181"/>
  <testcase name="Update courses usign an status as boolean" classname="at-university-api-qe update operation" time="0.913"/>
  <testcase name="Update courses usign an status as null" classname="at-university-api-qe update operation" time="1.509"/>
  <testcase name="The API Recived a delete method with ID" classname="Create Delete operation to delete a course by &quot;_ID&quot; on mongoDB" time="1.113"/>
  <testcase name="The API Recived a delete method with random ID" classname="Create Delete operation to delete a course by &quot;_ID&quot; on mongoDB" time="0.482"/>
  <testcase name="The API Recived a delete method with ID and category" classname="Create Delete operation to delete a course by &quot;_ID&quot; on mongoDB" time="2.308"/>
  <testcase name="The API Recived a delete method with ID and status" classname="Create Delete operation to delete a course by &quot;_ID&quot; on mongoDB" time="1.41"/>
  <testcase name="The API Recived a delete method with description and title" classname="Create Delete operation to delete a course by &quot;_ID&quot; on mongoDB" time="4.106"/>
  <testcase name="Create new course with all data with the category is incorrect" classname="In order to test API Post method" time="0.33"/>
  <testcase name="Create new course with all data with the title is empty" classname="In order to test API Post method" time="0.3"/>
  <testcase name="Create new course with all data with the status is teen" classname="In order to test API Post method" time="0.316"/>
  <testcase name="Create new course with all data with the title is space blank" classname="In order to test API Post method" time="0.544"/>
  <testcase name="The API recived a Post method whit only category title status tabs" classname="In order to test API Post method" time="0.713"/>
  <testcase name="The API recived a Post method whit only title status description img tabs" classname="In order to test API Post method" time="0.242"/>
  <testcase name="The API recived a post method whit category in lower and upper case" classname="In order to test API Post method" time="0.225"/>
</testsuite>